2017/05/09 10:48:44 [error] [exception.CHttpException.404] exception 'CHttpException' with message 'Unable to resolve the request "gii".' in C:\wamp64\www\yii\framework\web\CWebApplication.php:286
Stack trace:
#0 C:\wamp64\www\yii\framework\web\CWebApplication.php(141): CWebApplication->runController('gii')
#1 C:\wamp64\www\yii\framework\base\CApplication.php(185): CWebApplication->processRequest()
#2 C:\wamp64\www\projet_new\index.php(13): CApplication->run()
#3 {main}
REQUEST_URI=/projet_new/index.php?r=gii
---
2017/05/09 10:52:01 [error] [exception.CHttpException.404] exception 'CHttpException' with message 'Unable to resolve the request "gii".' in C:\wamp64\www\yii\framework\web\CWebApplication.php:286
Stack trace:
#0 C:\wamp64\www\yii\framework\web\CWebApplication.php(141): CWebApplication->runController('gii')
#1 C:\wamp64\www\yii\framework\base\CApplication.php(185): CWebApplication->processRequest()
#2 C:\wamp64\www\projet_new\index.php(13): CApplication->run()
#3 {main}
REQUEST_URI=/projet_new/?r=gii
---
2017/05/09 10:56:06 [error] [exception.CDbException] exception 'CDbException' with message 'CDbConnection failed to open the DB connection: SQLSTATE[HY000] [1049] Unknown database 'prozzl_test'' in C:\wamp64\www\yii\framework\db\CDbConnection.php:399
Stack trace:
#0 C:\wamp64\www\yii\framework\db\CDbConnection.php(347): CDbConnection->open()
#1 C:\wamp64\www\yii\framework\db\CDbConnection.php(325): CDbConnection->setActive(true)
#2 C:\wamp64\www\yii\framework\base\CModule.php(394): CDbConnection->init()
#3 C:\wamp64\www\yii\framework\base\CModule.php(103): CModule->getComponent('db')
#4 C:\wamp64\www\yii\framework\gii\generators\model\ModelCode.php(60): CModule->__get('db')
#5 C:\wamp64\www\yii\framework\web\CFormModel.php(39): ModelCode->init()
#6 C:\wamp64\www\yii\framework\gii\CCodeGenerator.php(153): CFormModel->__construct()
#7 C:\wamp64\www\yii\framework\gii\CCodeGenerator.php(63): CCodeGenerator->prepare()
#8 C:\wamp64\www\yii\framework\web\actions\CInlineAction.php(49): CCodeGenerator->actionIndex()
#9 C:\wamp64\www\yii\framework\web\CController.php(308): CInlineAction->runWithParams(Array)
#10 C:\wamp64\www\yii\framework\web\CController.php(286): CController->runAction(Object(CInlineAction))
#11 C:\wamp64\www\yii\framework\web\CController.php(265): CController->runActionWithFilters(Object(CInlineAction), Array)
#12 C:\wamp64\www\yii\framework\web\CWebApplication.php(282): CController->run('index')
#13 C:\wamp64\www\yii\framework\web\CWebApplication.php(141): CWebApplication->runController('gii/model/index')
#14 C:\wamp64\www\yii\framework\base\CApplication.php(185): CWebApplication->processRequest()
#15 C:\wamp64\www\projet_new\index.php(13): CApplication->run()
#16 {main}
REQUEST_URI=/projet_new/index.php?r=gii/model/index
HTTP_REFERER=http://localhost/projet_new/index.php?r=gii/default/index
---
2017/05/09 12:08:44 [error] [exception.CHttpException.404] exception 'CHttpException' with message 'The system is unable to find the requested action "inscription".' in C:\wamp64\www\yii\framework\web\CController.php:483
Stack trace:
#0 C:\wamp64\www\yii\framework\web\CController.php(270): CController->missingAction('inscription')
#1 C:\wamp64\www\yii\framework\web\CWebApplication.php(282): CController->run('inscription')
#2 C:\wamp64\www\yii\framework\web\CWebApplication.php(141): CWebApplication->runController('site/inscriptio...')
#3 C:\wamp64\www\yii\framework\base\CApplication.php(185): CWebApplication->processRequest()
#4 C:\wamp64\www\prozzl\index.php(13): CApplication->run()
#5 {main}
REQUEST_URI=/prozzl/index.php?r=site/inscription
HTTP_REFERER=http://localhost/prozzl/index.php?r=site/login
---
2017/05/09 12:31:35 [error] [exception.CHttpException.404] exception 'CHttpException' with message 'The system is unable to find the requested action "inscription".' in C:\wamp64\www\yii\framework\web\CController.php:483
Stack trace:
#0 C:\wamp64\www\yii\framework\web\CController.php(270): CController->missingAction('inscription')
#1 C:\wamp64\www\yii\framework\web\CWebApplication.php(282): CController->run('inscription')
#2 C:\wamp64\www\yii\framework\web\CWebApplication.php(141): CWebApplication->runController('site/inscriptio...')
#3 C:\wamp64\www\yii\framework\base\CApplication.php(185): CWebApplication->processRequest()
#4 C:\wamp64\www\prozzl\index.php(13): CApplication->run()
#5 {main}
REQUEST_URI=/prozzl/index.php?r=site/inscription
HTTP_REFERER=http://localhost/prozzl/index.php?r=site/login
---
2017/05/09 12:31:46 [error] [exception.CHttpException.404] exception 'CHttpException' with message 'The system is unable to find the requested action "inscription".' in C:\wamp64\www\yii\framework\web\CController.php:483
Stack trace:
#0 C:\wamp64\www\yii\framework\web\CController.php(270): CController->missingAction('inscription')
#1 C:\wamp64\www\yii\framework\web\CWebApplication.php(282): CController->run('inscription')
#2 C:\wamp64\www\yii\framework\web\CWebApplication.php(141): CWebApplication->runController('site/inscriptio...')
#3 C:\wamp64\www\yii\framework\base\CApplication.php(185): CWebApplication->processRequest()
#4 C:\wamp64\www\prozzl\index.php(13): CApplication->run()
#5 {main}
REQUEST_URI=/prozzl/index.php?r=site/inscription
HTTP_REFERER=http://localhost/prozzl/index.php?r=site/login
---
2017/05/09 12:35:48 [error] [exception.CException] exception 'CException' with message 'SiteController cannot find the requested view "inscription".' in C:\wamp64\www\yii\framework\web\CController.php:878
Stack trace:
#0 C:\wamp64\www\yii\framework\web\CController.php(782): CController->renderPartial('inscription', Array, true)
#1 C:\wamp64\www\prozzl\protected\controllers\SiteController.php(174): CController->render('inscription', Array)
#2 C:\wamp64\www\yii\framework\web\actions\CInlineAction.php(49): SiteController->actionInscription()
#3 C:\wamp64\www\yii\framework\web\CController.php(308): CInlineAction->runWithParams(Array)
#4 C:\wamp64\www\yii\framework\web\CController.php(286): CController->runAction(Object(CInlineAction))
#5 C:\wamp64\www\yii\framework\web\CController.php(265): CController->runActionWithFilters(Object(CInlineAction), Array)
#6 C:\wamp64\www\yii\framework\web\CWebApplication.php(282): CController->run('Inscription')
#7 C:\wamp64\www\yii\framework\web\CWebApplication.php(141): CWebApplication->runController('site/Inscriptio...')
#8 C:\wamp64\www\yii\framework\base\CApplication.php(185): CWebApplication->processRequest()
#9 C:\wamp64\www\prozzl\index.php(13): CApplication->run()
#10 {main}
REQUEST_URI=/prozzl/index.php?r=site/Inscription
HTTP_REFERER=http://localhost/prozzl/index.php?r=site/login
---
2017/05/09 12:49:08 [error] [exception.CException] exception 'CException' with message 'SiteController cannot find the requested view "inscriptionEmploye".' in C:\wamp64\www\yii\framework\web\CController.php:878
Stack trace:
#0 C:\wamp64\www\yii\framework\web\CController.php(782): CController->renderPartial('inscriptionEmpl...', Array, true)
#1 C:\wamp64\www\prozzl\protected\controllers\SiteController.php(142): CController->render('inscriptionEmpl...', Array)
#2 C:\wamp64\www\yii\framework\web\actions\CInlineAction.php(49): SiteController->actionInscriptionEmploye()
#3 C:\wamp64\www\yii\framework\web\CController.php(308): CInlineAction->runWithParams(Array)
#4 C:\wamp64\www\yii\framework\web\CController.php(286): CController->runAction(Object(CInlineAction))
#5 C:\wamp64\www\yii\framework\web\CController.php(265): CController->runActionWithFilters(Object(CInlineAction), Array)
#6 C:\wamp64\www\yii\framework\web\CWebApplication.php(282): CController->run('inscriptionEmpl...')
#7 C:\wamp64\www\yii\framework\web\CWebApplication.php(141): CWebApplication->runController('site/inscriptio...')
#8 C:\wamp64\www\yii\framework\base\CApplication.php(185): CWebApplication->processRequest()
#9 C:\wamp64\www\prozzl\index.php(13): CApplication->run()
#10 {main}
REQUEST_URI=/prozzl/index.php?r=site/inscriptionEmploye
HTTP_REFERER=http://localhost/prozzl/
---
2017/05/09 12:59:25 [error] [exception.CException] exception 'CException' with message 'SiteController contains improperly nested widget tags in its view "C:\wamp64\www\prozzl\protected\views\site\inscriptionEmploye.php". A CActiveForm widget does not have an endWidget() call.' in C:\wamp64\www\yii\framework\web\CBaseController.php:101
Stack trace:
#0 C:\wamp64\www\yii\framework\web\CController.php(869): CBaseController->renderFile('C:\\wamp64\\www\\p...', Array, true)
#1 C:\wamp64\www\yii\framework\web\CController.php(782): CController->renderPartial('inscriptionEmpl...', Array, true)
#2 C:\wamp64\www\prozzl\protected\controllers\SiteController.php(142): CController->render('inscriptionEmpl...', Array)
#3 C:\wamp64\www\yii\framework\web\actions\CInlineAction.php(49): SiteController->actionInscriptionEmploye()
#4 C:\wamp64\www\yii\framework\web\CController.php(308): CInlineAction->runWithParams(Array)
#5 C:\wamp64\www\yii\framework\web\CController.php(286): CController->runAction(Object(CInlineAction))
#6 C:\wamp64\www\yii\framework\web\CController.php(265): CController->runActionWithFilters(Object(CInlineAction), Array)
#7 C:\wamp64\www\yii\framework\web\CWebApplication.php(282): CController->run('inscriptionEmpl...')
#8 C:\wamp64\www\yii\framework\web\CWebApplication.php(141): CWebApplication->runController('site/inscriptio...')
#9 C:\wamp64\www\yii\framework\base\CApplication.php(185): CWebApplication->processRequest()
#10 C:\wamp64\www\prozzl\index.php(13): CApplication->run()
#11 {main}
REQUEST_URI=/prozzl/index.php?r=site/inscriptionEmploye
HTTP_REFERER=http://localhost/prozzl/
---
2017/05/09 13:07:16 [error] [exception.CException] exception 'CException' with message 'Property "Employe.date_de_naissance" is not defined.' in C:\wamp64\www\yii\framework\base\CComponent.php:130
Stack trace:
#0 C:\wamp64\www\yii\framework\db\ar\CActiveRecord.php(145): CComponent->__get('date_de_naissan...')
#1 C:\wamp64\www\yii\framework\web\helpers\CHtml.php(2729): CActiveRecord->__get('date_de_naissan...')
#2 C:\wamp64\www\yii\framework\web\helpers\CHtml.php(2452): CHtml::resolveValue(Object(Employe), 'date_de_naissan...')
#3 C:\wamp64\www\yii\framework\web\helpers\CHtml.php(1534): CHtml::activeInputField('text', Object(Employe), 'date_de_naissan...', Array)
#4 C:\wamp64\www\yii\framework\web\widgets\CActiveForm.php(792): CHtml::activeTextField(Object(Employe), 'date_de_naissan...', Array)
#5 C:\wamp64\www\prozzl\protected\views\site\inscriptionEmploye.php(32): CActiveForm->textField(Object(Employe), 'date_de_naissan...')
#6 C:\wamp64\www\yii\framework\web\CBaseController.php(126): require('C:\\wamp64\\www\\p...')
#7 C:\wamp64\www\yii\framework\web\CBaseController.php(95): CBaseController->renderInternal('C:\\wamp64\\www\\p...', Array, true)
#8 C:\wamp64\www\yii\framework\web\CController.php(869): CBaseController->renderFile('C:\\wamp64\\www\\p...', Array, true)
#9 C:\wamp64\www\yii\framework\web\CController.php(782): CController->renderPartial('inscriptionEmpl...', Array, true)
#10 C:\wamp64\www\prozzl\protected\controllers\SiteController.php(142): CController->render('inscriptionEmpl...', Array)
#11 C:\wamp64\www\yii\framework\web\actions\CInlineAction.php(49): SiteController->actionInscriptionEmploye()
#12 C:\wamp64\www\yii\framework\web\CController.php(308): CInlineAction->runWithParams(Array)
#13 C:\wamp64\www\yii\framework\web\CController.php(286): CController->runAction(Object(CInlineAction))
#14 C:\wamp64\www\yii\framework\web\CController.php(265): CController->runActionWithFilters(Object(CInlineAction), Array)
#15 C:\wamp64\www\yii\framework\web\CWebApplication.php(282): CController->run('inscriptionEmpl...')
#16 C:\wamp64\www\yii\framework\web\CWebApplication.php(141): CWebApplication->runController('site/inscriptio...')
#17 C:\wamp64\www\yii\framework\base\CApplication.php(185): CWebApplication->processRequest()
#18 C:\wamp64\www\prozzl\index.php(13): CApplication->run()
#19 {main}
REQUEST_URI=/prozzl/index.php?r=site/inscriptionEmploye
HTTP_REFERER=http://localhost/prozzl/
---
2017/05/09 13:08:53 [error] [exception.CException] exception 'CException' with message 'Property "Utilisateur.date_de_naissance" is not defined.' in C:\wamp64\www\yii\framework\base\CComponent.php:130
Stack trace:
#0 C:\wamp64\www\yii\framework\db\ar\CActiveRecord.php(145): CComponent->__get('date_de_naissan...')
#1 C:\wamp64\www\yii\framework\web\helpers\CHtml.php(2729): CActiveRecord->__get('date_de_naissan...')
#2 C:\wamp64\www\yii\framework\web\helpers\CHtml.php(2452): CHtml::resolveValue(Object(Utilisateur), 'date_de_naissan...')
#3 C:\wamp64\www\yii\framework\web\helpers\CHtml.php(1534): CHtml::activeInputField('text', Object(Utilisateur), 'date_de_naissan...', Array)
#4 C:\wamp64\www\yii\framework\web\widgets\CActiveForm.php(792): CHtml::activeTextField(Object(Utilisateur), 'date_de_naissan...', Array)
#5 C:\wamp64\www\prozzl\protected\views\site\inscriptionEmploye.php(32): CActiveForm->textField(Object(Utilisateur), 'date_de_naissan...')
#6 C:\wamp64\www\yii\framework\web\CBaseController.php(126): require('C:\\wamp64\\www\\p...')
#7 C:\wamp64\www\yii\framework\web\CBaseController.php(95): CBaseController->renderInternal('C:\\wamp64\\www\\p...', Array, true)
#8 C:\wamp64\www\yii\framework\web\CController.php(869): CBaseController->renderFile('C:\\wamp64\\www\\p...', Array, true)
#9 C:\wamp64\www\yii\framework\web\CController.php(782): CController->renderPartial('inscriptionEmpl...', Array, true)
#10 C:\wamp64\www\prozzl\protected\controllers\SiteController.php(142): CController->render('inscriptionEmpl...', Array)
#11 C:\wamp64\www\yii\framework\web\actions\CInlineAction.php(49): SiteController->actionInscriptionEmploye()
#12 C:\wamp64\www\yii\framework\web\CController.php(308): CInlineAction->runWithParams(Array)
#13 C:\wamp64\www\yii\framework\web\CController.php(286): CController->runAction(Object(CInlineAction))
#14 C:\wamp64\www\yii\framework\web\CController.php(265): CController->runActionWithFilters(Object(CInlineAction), Array)
#15 C:\wamp64\www\yii\framework\web\CWebApplication.php(282): CController->run('inscriptionEmpl...')
#16 C:\wamp64\www\yii\framework\web\CWebApplication.php(141): CWebApplication->runController('site/inscriptio...')
#17 C:\wamp64\www\yii\framework\base\CApplication.php(185): CWebApplication->processRequest()
#18 C:\wamp64\www\prozzl\index.php(13): CApplication->run()
#19 {main}
REQUEST_URI=/prozzl/index.php?r=site/inscriptionEmploye
HTTP_REFERER=http://localhost/prozzl/
---
2017/05/09 13:09:22 [error] [exception.CException] exception 'CException' with message 'Property "Utilisateur.date_de_naissance" is not defined.' in C:\wamp64\www\yii\framework\base\CComponent.php:130
Stack trace:
#0 C:\wamp64\www\yii\framework\db\ar\CActiveRecord.php(145): CComponent->__get('date_de_naissan...')
#1 C:\wamp64\www\yii\framework\web\helpers\CHtml.php(2729): CActiveRecord->__get('date_de_naissan...')
#2 C:\wamp64\www\yii\framework\web\helpers\CHtml.php(2452): CHtml::resolveValue(Object(Utilisateur), 'date_de_naissan...')
#3 C:\wamp64\www\yii\framework\web\helpers\CHtml.php(1534): CHtml::activeInputField('text', Object(Utilisateur), 'date_de_naissan...', Array)
#4 C:\wamp64\www\yii\framework\web\widgets\CActiveForm.php(792): CHtml::activeTextField(Object(Utilisateur), 'date_de_naissan...', Array)
#5 C:\wamp64\www\prozzl\protected\views\site\inscriptionEmploye.php(32): CActiveForm->textField(Object(Utilisateur), 'date_de_naissan...')
#6 C:\wamp64\www\yii\framework\web\CBaseController.php(126): require('C:\\wamp64\\www\\p...')
#7 C:\wamp64\www\yii\framework\web\CBaseController.php(95): CBaseController->renderInternal('C:\\wamp64\\www\\p...', Array, true)
#8 C:\wamp64\www\yii\framework\web\CController.php(869): CBaseController->renderFile('C:\\wamp64\\www\\p...', Array, true)
#9 C:\wamp64\www\yii\framework\web\CController.php(782): CController->renderPartial('inscriptionEmpl...', Array, true)
#10 C:\wamp64\www\prozzl\protected\controllers\SiteController.php(142): CController->render('inscriptionEmpl...', Array)
#11 C:\wamp64\www\yii\framework\web\actions\CInlineAction.php(49): SiteController->actionInscriptionEmploye()
#12 C:\wamp64\www\yii\framework\web\CController.php(308): CInlineAction->runWithParams(Array)
#13 C:\wamp64\www\yii\framework\web\CController.php(286): CController->runAction(Object(CInlineAction))
#14 C:\wamp64\www\yii\framework\web\CController.php(265): CController->runActionWithFilters(Object(CInlineAction), Array)
#15 C:\wamp64\www\yii\framework\web\CWebApplication.php(282): CController->run('inscriptionEmpl...')
#16 C:\wamp64\www\yii\framework\web\CWebApplication.php(141): CWebApplication->runController('site/inscriptio...')
#17 C:\wamp64\www\yii\framework\base\CApplication.php(185): CWebApplication->processRequest()
#18 C:\wamp64\www\prozzl\index.php(13): CApplication->run()
#19 {main}
REQUEST_URI=/prozzl/index.php?r=site/inscriptionEmploye
HTTP_REFERER=http://localhost/prozzl/
---
2017/05/09 13:12:21 [error] [exception.CException] exception 'CException' with message 'Property "Utilisateur.date_de_naissance" is not defined.' in C:\wamp64\www\yii\framework\base\CComponent.php:130
Stack trace:
#0 C:\wamp64\www\yii\framework\db\ar\CActiveRecord.php(145): CComponent->__get('date_de_naissan...')
#1 C:\wamp64\www\yii\framework\web\helpers\CHtml.php(2729): CActiveRecord->__get('date_de_naissan...')
#2 C:\wamp64\www\yii\framework\web\helpers\CHtml.php(2452): CHtml::resolveValue(Object(Utilisateur), 'date_de_naissan...')
#3 C:\wamp64\www\yii\framework\web\helpers\CHtml.php(1534): CHtml::activeInputField('text', Object(Utilisateur), 'date_de_naissan...', Array)
#4 C:\wamp64\www\yii\framework\web\widgets\CActiveForm.php(792): CHtml::activeTextField(Object(Utilisateur), 'date_de_naissan...', Array)
#5 C:\wamp64\www\prozzl\protected\views\site\inscriptionEmploye.php(32): CActiveForm->textField(Object(Utilisateur), 'date_de_naissan...')
#6 C:\wamp64\www\yii\framework\web\CBaseController.php(126): require('C:\\wamp64\\www\\p...')
#7 C:\wamp64\www\yii\framework\web\CBaseController.php(95): CBaseController->renderInternal('C:\\wamp64\\www\\p...', Array, true)
#8 C:\wamp64\www\yii\framework\web\CController.php(869): CBaseController->renderFile('C:\\wamp64\\www\\p...', Array, true)
#9 C:\wamp64\www\yii\framework\web\CController.php(782): CController->renderPartial('inscriptionEmpl...', Array, true)
#10 C:\wamp64\www\prozzl\protected\controllers\SiteController.php(142): CController->render('inscriptionEmpl...', Array)
#11 C:\wamp64\www\yii\framework\web\actions\CInlineAction.php(49): SiteController->actionInscriptionEmploye()
#12 C:\wamp64\www\yii\framework\web\CController.php(308): CInlineAction->runWithParams(Array)
#13 C:\wamp64\www\yii\framework\web\CController.php(286): CController->runAction(Object(CInlineAction))
#14 C:\wamp64\www\yii\framework\web\CController.php(265): CController->runActionWithFilters(Object(CInlineAction), Array)
#15 C:\wamp64\www\yii\framework\web\CWebApplication.php(282): CController->run('inscriptionEmpl...')
#16 C:\wamp64\www\yii\framework\web\CWebApplication.php(141): CWebApplication->runController('site/inscriptio...')
#17 C:\wamp64\www\yii\framework\base\CApplication.php(185): CWebApplication->processRequest()
#18 C:\wamp64\www\prozzl\index.php(13): CApplication->run()
#19 {main}
REQUEST_URI=/prozzl/index.php?r=site/inscriptionEmploye
HTTP_REFERER=http://localhost/prozzl/
---
2017/05/09 13:13:38 [error] [exception.CException] exception 'CException' with message 'Property "Utilisateur.date_de_naissance" is not defined.' in C:\wamp64\www\yii\framework\base\CComponent.php:130
Stack trace:
#0 C:\wamp64\www\yii\framework\db\ar\CActiveRecord.php(145): CComponent->__get('date_de_naissan...')
#1 C:\wamp64\www\yii\framework\web\helpers\CHtml.php(2729): CActiveRecord->__get('date_de_naissan...')
#2 C:\wamp64\www\yii\framework\web\helpers\CHtml.php(2452): CHtml::resolveValue(Object(Utilisateur), 'date_de_naissan...')
#3 C:\wamp64\www\yii\framework\web\helpers\CHtml.php(1534): CHtml::activeInputField('text', Object(Utilisateur), 'date_de_naissan...', Array)
#4 C:\wamp64\www\yii\framework\web\widgets\CActiveForm.php(792): CHtml::activeTextField(Object(Utilisateur), 'date_de_naissan...', Array)
#5 C:\wamp64\www\prozzl\protected\views\site\inscriptionEmploye.php(32): CActiveForm->textField(Object(Utilisateur), 'date_de_naissan...')
#6 C:\wamp64\www\yii\framework\web\CBaseController.php(126): require('C:\\wamp64\\www\\p...')
#7 C:\wamp64\www\yii\framework\web\CBaseController.php(95): CBaseController->renderInternal('C:\\wamp64\\www\\p...', Array, true)
#8 C:\wamp64\www\yii\framework\web\CController.php(869): CBaseController->renderFile('C:\\wamp64\\www\\p...', Array, true)
#9 C:\wamp64\www\yii\framework\web\CController.php(782): CController->renderPartial('inscriptionEmpl...', Array, true)
#10 C:\wamp64\www\prozzl\protected\controllers\SiteController.php(142): CController->render('inscriptionEmpl...', Array)
#11 C:\wamp64\www\yii\framework\web\actions\CInlineAction.php(49): SiteController->actionInscriptionEmploye()
#12 C:\wamp64\www\yii\framework\web\CController.php(308): CInlineAction->runWithParams(Array)
#13 C:\wamp64\www\yii\framework\web\CController.php(286): CController->runAction(Object(CInlineAction))
#14 C:\wamp64\www\yii\framework\web\CController.php(265): CController->runActionWithFilters(Object(CInlineAction), Array)
#15 C:\wamp64\www\yii\framework\web\CWebApplication.php(282): CController->run('inscriptionEmpl...')
#16 C:\wamp64\www\yii\framework\web\CWebApplication.php(141): CWebApplication->runController('site/inscriptio...')
#17 C:\wamp64\www\yii\framework\base\CApplication.php(185): CWebApplication->processRequest()
#18 C:\wamp64\www\prozzl\index.php(13): CApplication->run()
#19 {main}
REQUEST_URI=/prozzl/index.php?r=site/inscriptionEmploye
HTTP_REFERER=http://localhost/prozzl/
---
2017/05/09 13:14:41 [error] [exception.CException] exception 'CException' with message 'Property "Employe.date_de_naissance" is not defined.' in C:\wamp64\www\yii\framework\base\CComponent.php:130
Stack trace:
#0 C:\wamp64\www\yii\framework\db\ar\CActiveRecord.php(145): CComponent->__get('date_de_naissan...')
#1 C:\wamp64\www\yii\framework\web\helpers\CHtml.php(2729): CActiveRecord->__get('date_de_naissan...')
#2 C:\wamp64\www\yii\framework\web\helpers\CHtml.php(2452): CHtml::resolveValue(Object(Employe), 'date_de_naissan...')
#3 C:\wamp64\www\yii\framework\web\helpers\CHtml.php(1534): CHtml::activeInputField('text', Object(Employe), 'date_de_naissan...', Array)
#4 C:\wamp64\www\yii\framework\web\widgets\CActiveForm.php(792): CHtml::activeTextField(Object(Employe), 'date_de_naissan...', Array)
#5 C:\wamp64\www\prozzl\protected\views\site\inscriptionEmploye.php(32): CActiveForm->textField(Object(Employe), 'date_de_naissan...')
#6 C:\wamp64\www\yii\framework\web\CBaseController.php(126): require('C:\\wamp64\\www\\p...')
#7 C:\wamp64\www\yii\framework\web\CBaseController.php(95): CBaseController->renderInternal('C:\\wamp64\\www\\p...', Array, true)
#8 C:\wamp64\www\yii\framework\web\CController.php(869): CBaseController->renderFile('C:\\wamp64\\www\\p...', Array, true)
#9 C:\wamp64\www\yii\framework\web\CController.php(782): CController->renderPartial('inscriptionEmpl...', Array, true)
#10 C:\wamp64\www\prozzl\protected\controllers\SiteController.php(142): CController->render('inscriptionEmpl...', Array)
#11 C:\wamp64\www\yii\framework\web\actions\CInlineAction.php(49): SiteController->actionInscriptionEmploye()
#12 C:\wamp64\www\yii\framework\web\CController.php(308): CInlineAction->runWithParams(Array)
#13 C:\wamp64\www\yii\framework\web\CController.php(286): CController->runAction(Object(CInlineAction))
#14 C:\wamp64\www\yii\framework\web\CController.php(265): CController->runActionWithFilters(Object(CInlineAction), Array)
#15 C:\wamp64\www\yii\framework\web\CWebApplication.php(282): CController->run('inscriptionEmpl...')
#16 C:\wamp64\www\yii\framework\web\CWebApplication.php(141): CWebApplication->runController('site/inscriptio...')
#17 C:\wamp64\www\yii\framework\base\CApplication.php(185): CWebApplication->processRequest()
#18 C:\wamp64\www\prozzl\index.php(13): CApplication->run()
#19 {main}
REQUEST_URI=/prozzl/index.php?r=site/inscriptionEmploye
HTTP_REFERER=http://localhost/prozzl/
---
2017/05/09 13:22:53 [error] [exception.CException] exception 'CException' with message 'Property "Employe.mail" is not defined.' in C:\wamp64\www\yii\framework\base\CComponent.php:130
Stack trace:
#0 C:\wamp64\www\yii\framework\db\ar\CActiveRecord.php(145): CComponent->__get('mail')
#1 C:\wamp64\www\yii\framework\web\helpers\CHtml.php(2729): CActiveRecord->__get('mail')
#2 C:\wamp64\www\yii\framework\web\helpers\CHtml.php(2452): CHtml::resolveValue(Object(Employe), 'mail')
#3 C:\wamp64\www\yii\framework\web\helpers\CHtml.php(1534): CHtml::activeInputField('text', Object(Employe), 'mail', Array)
#4 C:\wamp64\www\yii\framework\web\widgets\CActiveForm.php(792): CHtml::activeTextField(Object(Employe), 'mail', Array)
#5 C:\wamp64\www\prozzl\protected\views\site\inscriptionEmploye.php(38): CActiveForm->textField(Object(Employe), 'mail')
#6 C:\wamp64\www\yii\framework\web\CBaseController.php(126): require('C:\\wamp64\\www\\p...')
#7 C:\wamp64\www\yii\framework\web\CBaseController.php(95): CBaseController->renderInternal('C:\\wamp64\\www\\p...', Array, true)
#8 C:\wamp64\www\yii\framework\web\CController.php(869): CBaseController->renderFile('C:\\wamp64\\www\\p...', Array, true)
#9 C:\wamp64\www\yii\framework\web\CController.php(782): CController->renderPartial('inscriptionEmpl...', Array, true)
#10 C:\wamp64\www\prozzl\protected\controllers\SiteController.php(142): CController->render('inscriptionEmpl...', Array)
#11 C:\wamp64\www\yii\framework\web\actions\CInlineAction.php(49): SiteController->actionInscriptionEmploye()
#12 C:\wamp64\www\yii\framework\web\CController.php(308): CInlineAction->runWithParams(Array)
#13 C:\wamp64\www\yii\framework\web\CController.php(286): CController->runAction(Object(CInlineAction))
#14 C:\wamp64\www\yii\framework\web\CController.php(265): CController->runActionWithFilters(Object(CInlineAction), Array)
#15 C:\wamp64\www\yii\framework\web\CWebApplication.php(282): CController->run('inscriptionEmpl...')
#16 C:\wamp64\www\yii\framework\web\CWebApplication.php(141): CWebApplication->runController('site/inscriptio...')
#17 C:\wamp64\www\yii\framework\base\CApplication.php(185): CWebApplication->processRequest()
#18 C:\wamp64\www\prozzl\index.php(13): CApplication->run()
#19 {main}
REQUEST_URI=/prozzl/index.php?r=site/inscriptionEmploye
HTTP_REFERER=http://localhost/prozzl/
---
2017/05/09 13:42:37 [error] [exception.CException] exception 'CException' with message 'SiteController and its behaviors do not have a method or closure named "verif_mdp".' in C:\wamp64\www\yii\framework\base\CComponent.php:266
Stack trace:
#0 C:\wamp64\www\prozzl\protected\controllers\SiteController.php(117): CComponent->__call('verif_mdp', Array)
#1 C:\wamp64\www\prozzl\protected\controllers\SiteController.php(117): SiteController->verif_mdp('marseille')
#2 C:\wamp64\www\yii\framework\web\actions\CInlineAction.php(49): SiteController->actionInscriptionEmploye()
#3 C:\wamp64\www\yii\framework\web\CController.php(308): CInlineAction->runWithParams(Array)
#4 C:\wamp64\www\yii\framework\web\CController.php(286): CController->runAction(Object(CInlineAction))
#5 C:\wamp64\www\yii\framework\web\CController.php(265): CController->runActionWithFilters(Object(CInlineAction), Array)
#6 C:\wamp64\www\yii\framework\web\CWebApplication.php(282): CController->run('inscriptionEmpl...')
#7 C:\wamp64\www\yii\framework\web\CWebApplication.php(141): CWebApplication->runController('site/inscriptio...')
#8 C:\wamp64\www\yii\framework\base\CApplication.php(185): CWebApplication->processRequest()
#9 C:\wamp64\www\prozzl\index.php(13): CApplication->run()
#10 {main}
REQUEST_URI=/prozzl/index.php?r=site/inscriptionEmploye
HTTP_REFERER=http://localhost/prozzl/index.php?r=site/inscriptionEmploye
---
2017/05/09 13:44:07 [error] [system.db.CDbCommand] CDbCommand::execute() failed: SQLSTATE[22007]: Invalid datetime format: 1292 Incorrect date value: '20/09/1995' for column 'date_naissance_employe' at row 1. The SQL statement executed was: INSERT INTO `employe` (`nom_employe`, `prenom_employe`, `date_naissance_employe`) VALUES (:yp0, :yp1, :yp2).
in C:\wamp64\www\prozzl\protected\controllers\SiteController.php (121)
in C:\wamp64\www\prozzl\index.php (13)
2017/05/09 13:44:07 [error] [exception.CDbException] exception 'CDbException' with message 'CDbCommand failed to execute the SQL statement: SQLSTATE[22007]: Invalid datetime format: 1292 Incorrect date value: '20/09/1995' for column 'date_naissance_employe' at row 1. The SQL statement executed was: INSERT INTO `employe` (`nom_employe`, `prenom_employe`, `date_naissance_employe`) VALUES (:yp0, :yp1, :yp2)' in C:\wamp64\www\yii\framework\db\CDbCommand.php:358
Stack trace:
#0 C:\wamp64\www\yii\framework\db\ar\CActiveRecord.php(1080): CDbCommand->execute()
#1 C:\wamp64\www\yii\framework\db\ar\CActiveRecord.php(809): CActiveRecord->insert(NULL)
#2 C:\wamp64\www\prozzl\protected\controllers\SiteController.php(121): CActiveRecord->save()
#3 C:\wamp64\www\yii\framework\web\actions\CInlineAction.php(49): SiteController->actionInscriptionEmploye()
#4 C:\wamp64\www\yii\framework\web\CController.php(308): CInlineAction->runWithParams(Array)
#5 C:\wamp64\www\yii\framework\web\CController.php(286): CController->runAction(Object(CInlineAction))
#6 C:\wamp64\www\yii\framework\web\CController.php(265): CController->runActionWithFilters(Object(CInlineAction), Array)
#7 C:\wamp64\www\yii\framework\web\CWebApplication.php(282): CController->run('inscriptionEmpl...')
#8 C:\wamp64\www\yii\framework\web\CWebApplication.php(141): CWebApplication->runController('site/inscriptio...')
#9 C:\wamp64\www\yii\framework\base\CApplication.php(185): CWebApplication->processRequest()
#10 C:\wamp64\www\prozzl\index.php(13): CApplication->run()
#11 {main}
REQUEST_URI=/prozzl/index.php?r=site/inscriptionEmploye
HTTP_REFERER=http://localhost/prozzl/index.php?r=site/inscriptionEmploye
---
2017/05/09 13:48:19 [error] [system.db.CDbCommand] CDbCommand::execute() failed: SQLSTATE[22007]: Invalid datetime format: 1292 Incorrect date value: '20/09/1995' for column 'date_naissance_employe' at row 1. The SQL statement executed was: INSERT INTO `employe` (`nom_employe`, `prenom_employe`, `date_naissance_employe`) VALUES (:yp0, :yp1, :yp2).
in C:\wamp64\www\prozzl\protected\controllers\SiteController.php (121)
in C:\wamp64\www\prozzl\index.php (13)
2017/05/09 13:48:19 [error] [exception.CDbException] exception 'CDbException' with message 'CDbCommand failed to execute the SQL statement: SQLSTATE[22007]: Invalid datetime format: 1292 Incorrect date value: '20/09/1995' for column 'date_naissance_employe' at row 1. The SQL statement executed was: INSERT INTO `employe` (`nom_employe`, `prenom_employe`, `date_naissance_employe`) VALUES (:yp0, :yp1, :yp2)' in C:\wamp64\www\yii\framework\db\CDbCommand.php:358
Stack trace:
#0 C:\wamp64\www\yii\framework\db\ar\CActiveRecord.php(1080): CDbCommand->execute()
#1 C:\wamp64\www\yii\framework\db\ar\CActiveRecord.php(809): CActiveRecord->insert(NULL)
#2 C:\wamp64\www\prozzl\protected\controllers\SiteController.php(121): CActiveRecord->save()
#3 C:\wamp64\www\yii\framework\web\actions\CInlineAction.php(49): SiteController->actionInscriptionEmploye()
#4 C:\wamp64\www\yii\framework\web\CController.php(308): CInlineAction->runWithParams(Array)
#5 C:\wamp64\www\yii\framework\web\CController.php(286): CController->runAction(Object(CInlineAction))
#6 C:\wamp64\www\yii\framework\web\CController.php(265): CController->runActionWithFilters(Object(CInlineAction), Array)
#7 C:\wamp64\www\yii\framework\web\CWebApplication.php(282): CController->run('inscriptionEmpl...')
#8 C:\wamp64\www\yii\framework\web\CWebApplication.php(141): CWebApplication->runController('site/inscriptio...')
#9 C:\wamp64\www\yii\framework\base\CApplication.php(185): CWebApplication->processRequest()
#10 C:\wamp64\www\prozzl\index.php(13): CApplication->run()
#11 {main}
REQUEST_URI=/prozzl/index.php?r=site/inscriptionEmploye
HTTP_REFERER=http://localhost/prozzl/index.php?r=site/inscriptionEmploye
---
2017/05/09 13:57:14 [error] [system.db.CDbCommand] CDbCommand::execute() failed: SQLSTATE[22007]: Invalid datetime format: 1292 Incorrect date value: '20/09/1995' for column 'date_naissance_employe' at row 1. The SQL statement executed was: INSERT INTO `employe` (`nom_employe`, `prenom_employe`, `date_naissance_employe`) VALUES (:yp0, :yp1, :yp2).
in C:\wamp64\www\prozzl\protected\controllers\SiteController.php (121)
in C:\wamp64\www\prozzl\index.php (13)
2017/05/09 13:57:14 [error] [exception.CDbException] exception 'CDbException' with message 'CDbCommand failed to execute the SQL statement: SQLSTATE[22007]: Invalid datetime format: 1292 Incorrect date value: '20/09/1995' for column 'date_naissance_employe' at row 1. The SQL statement executed was: INSERT INTO `employe` (`nom_employe`, `prenom_employe`, `date_naissance_employe`) VALUES (:yp0, :yp1, :yp2)' in C:\wamp64\www\yii\framework\db\CDbCommand.php:358
Stack trace:
#0 C:\wamp64\www\yii\framework\db\ar\CActiveRecord.php(1080): CDbCommand->execute()
#1 C:\wamp64\www\yii\framework\db\ar\CActiveRecord.php(809): CActiveRecord->insert(NULL)
#2 C:\wamp64\www\prozzl\protected\controllers\SiteController.php(121): CActiveRecord->save()
#3 C:\wamp64\www\yii\framework\web\actions\CInlineAction.php(49): SiteController->actionInscriptionEmploye()
#4 C:\wamp64\www\yii\framework\web\CController.php(308): CInlineAction->runWithParams(Array)
#5 C:\wamp64\www\yii\framework\web\CController.php(286): CController->runAction(Object(CInlineAction))
#6 C:\wamp64\www\yii\framework\web\CController.php(265): CController->runActionWithFilters(Object(CInlineAction), Array)
#7 C:\wamp64\www\yii\framework\web\CWebApplication.php(282): CController->run('inscriptionEmpl...')
#8 C:\wamp64\www\yii\framework\web\CWebApplication.php(141): CWebApplication->runController('site/inscriptio...')
#9 C:\wamp64\www\yii\framework\base\CApplication.php(185): CWebApplication->processRequest()
#10 C:\wamp64\www\prozzl\index.php(13): CApplication->run()
#11 {main}
REQUEST_URI=/prozzl/index.php?r=site/inscriptionEmploye
HTTP_REFERER=http://localhost/prozzl/index.php?r=site/inscriptionEmploye
---
2017/05/09 13:58:36 [error] [system.db.CDbCommand] CDbCommand::execute() failed: SQLSTATE[22007]: Invalid datetime format: 1292 Incorrect date value: '20/09/1995' for column 'date_naissance_employe' at row 1. The SQL statement executed was: INSERT INTO `employe` (`nom_employe`, `prenom_employe`, `date_naissance_employe`) VALUES (:yp0, :yp1, :yp2).
in C:\wamp64\www\prozzl\protected\controllers\SiteController.php (121)
in C:\wamp64\www\prozzl\index.php (13)
2017/05/09 13:58:36 [error] [exception.CDbException] exception 'CDbException' with message 'CDbCommand failed to execute the SQL statement: SQLSTATE[22007]: Invalid datetime format: 1292 Incorrect date value: '20/09/1995' for column 'date_naissance_employe' at row 1. The SQL statement executed was: INSERT INTO `employe` (`nom_employe`, `prenom_employe`, `date_naissance_employe`) VALUES (:yp0, :yp1, :yp2)' in C:\wamp64\www\yii\framework\db\CDbCommand.php:358
Stack trace:
#0 C:\wamp64\www\yii\framework\db\ar\CActiveRecord.php(1080): CDbCommand->execute()
#1 C:\wamp64\www\yii\framework\db\ar\CActiveRecord.php(809): CActiveRecord->insert(NULL)
#2 C:\wamp64\www\prozzl\protected\controllers\SiteController.php(121): CActiveRecord->save()
#3 C:\wamp64\www\yii\framework\web\actions\CInlineAction.php(49): SiteController->actionInscriptionEmploye()
#4 C:\wamp64\www\yii\framework\web\CController.php(308): CInlineAction->runWithParams(Array)
#5 C:\wamp64\www\yii\framework\web\CController.php(286): CController->runAction(Object(CInlineAction))
#6 C:\wamp64\www\yii\framework\web\CController.php(265): CController->runActionWithFilters(Object(CInlineAction), Array)
#7 C:\wamp64\www\yii\framework\web\CWebApplication.php(282): CController->run('inscriptionEmpl...')
#8 C:\wamp64\www\yii\framework\web\CWebApplication.php(141): CWebApplication->runController('site/inscriptio...')
#9 C:\wamp64\www\yii\framework\base\CApplication.php(185): CWebApplication->processRequest()
#10 C:\wamp64\www\prozzl\index.php(13): CApplication->run()
#11 {main}
REQUEST_URI=/prozzl/index.php?r=site/inscriptionEmploye
HTTP_REFERER=http://localhost/prozzl/index.php?r=site/inscriptionEmploye
---
2017/05/09 13:58:37 [error] [system.db.CDbCommand] CDbCommand::execute() failed: SQLSTATE[22007]: Invalid datetime format: 1292 Incorrect date value: '20/09/1995' for column 'date_naissance_employe' at row 1. The SQL statement executed was: INSERT INTO `employe` (`nom_employe`, `prenom_employe`, `date_naissance_employe`) VALUES (:yp0, :yp1, :yp2).
in C:\wamp64\www\prozzl\protected\controllers\SiteController.php (121)
in C:\wamp64\www\prozzl\index.php (13)
2017/05/09 13:58:37 [error] [exception.CDbException] exception 'CDbException' with message 'CDbCommand failed to execute the SQL statement: SQLSTATE[22007]: Invalid datetime format: 1292 Incorrect date value: '20/09/1995' for column 'date_naissance_employe' at row 1. The SQL statement executed was: INSERT INTO `employe` (`nom_employe`, `prenom_employe`, `date_naissance_employe`) VALUES (:yp0, :yp1, :yp2)' in C:\wamp64\www\yii\framework\db\CDbCommand.php:358
Stack trace:
#0 C:\wamp64\www\yii\framework\db\ar\CActiveRecord.php(1080): CDbCommand->execute()
#1 C:\wamp64\www\yii\framework\db\ar\CActiveRecord.php(809): CActiveRecord->insert(NULL)
#2 C:\wamp64\www\prozzl\protected\controllers\SiteController.php(121): CActiveRecord->save()
#3 C:\wamp64\www\yii\framework\web\actions\CInlineAction.php(49): SiteController->actionInscriptionEmploye()
#4 C:\wamp64\www\yii\framework\web\CController.php(308): CInlineAction->runWithParams(Array)
#5 C:\wamp64\www\yii\framework\web\CController.php(286): CController->runAction(Object(CInlineAction))
#6 C:\wamp64\www\yii\framework\web\CController.php(265): CController->runActionWithFilters(Object(CInlineAction), Array)
#7 C:\wamp64\www\yii\framework\web\CWebApplication.php(282): CController->run('inscriptionEmpl...')
#8 C:\wamp64\www\yii\framework\web\CWebApplication.php(141): CWebApplication->runController('site/inscriptio...')
#9 C:\wamp64\www\yii\framework\base\CApplication.php(185): CWebApplication->processRequest()
#10 C:\wamp64\www\prozzl\index.php(13): CApplication->run()
#11 {main}
REQUEST_URI=/prozzl/index.php?r=site/inscriptionEmploye
HTTP_REFERER=http://localhost/prozzl/index.php?r=site/inscriptionEmploye
---
2017/05/09 13:58:38 [error] [system.db.CDbCommand] CDbCommand::execute() failed: SQLSTATE[22007]: Invalid datetime format: 1292 Incorrect date value: '20/09/1995' for column 'date_naissance_employe' at row 1. The SQL statement executed was: INSERT INTO `employe` (`nom_employe`, `prenom_employe`, `date_naissance_employe`) VALUES (:yp0, :yp1, :yp2).
in C:\wamp64\www\prozzl\protected\controllers\SiteController.php (121)
in C:\wamp64\www\prozzl\index.php (13)
2017/05/09 13:58:38 [error] [exception.CDbException] exception 'CDbException' with message 'CDbCommand failed to execute the SQL statement: SQLSTATE[22007]: Invalid datetime format: 1292 Incorrect date value: '20/09/1995' for column 'date_naissance_employe' at row 1. The SQL statement executed was: INSERT INTO `employe` (`nom_employe`, `prenom_employe`, `date_naissance_employe`) VALUES (:yp0, :yp1, :yp2)' in C:\wamp64\www\yii\framework\db\CDbCommand.php:358
Stack trace:
#0 C:\wamp64\www\yii\framework\db\ar\CActiveRecord.php(1080): CDbCommand->execute()
#1 C:\wamp64\www\yii\framework\db\ar\CActiveRecord.php(809): CActiveRecord->insert(NULL)
#2 C:\wamp64\www\prozzl\protected\controllers\SiteController.php(121): CActiveRecord->save()
#3 C:\wamp64\www\yii\framework\web\actions\CInlineAction.php(49): SiteController->actionInscriptionEmploye()
#4 C:\wamp64\www\yii\framework\web\CController.php(308): CInlineAction->runWithParams(Array)
#5 C:\wamp64\www\yii\framework\web\CController.php(286): CController->runAction(Object(CInlineAction))
#6 C:\wamp64\www\yii\framework\web\CController.php(265): CController->runActionWithFilters(Object(CInlineAction), Array)
#7 C:\wamp64\www\yii\framework\web\CWebApplication.php(282): CController->run('inscriptionEmpl...')
#8 C:\wamp64\www\yii\framework\web\CWebApplication.php(141): CWebApplication->runController('site/inscriptio...')
#9 C:\wamp64\www\yii\framework\base\CApplication.php(185): CWebApplication->processRequest()
#10 C:\wamp64\www\prozzl\index.php(13): CApplication->run()
#11 {main}
REQUEST_URI=/prozzl/index.php?r=site/inscriptionEmploye
HTTP_REFERER=http://localhost/prozzl/index.php?r=site/inscriptionEmploye
---
2017/05/09 14:06:54 [error] [system.db.CDbCommand] CDbCommand::execute() failed: SQLSTATE[22007]: Invalid datetime format: 1292 Incorrect date value: '20/09/1995' for column 'date_naissance_employe' at row 1. The SQL statement executed was: INSERT INTO `employe` (`nom_employe`, `prenom_employe`, `date_naissance_employe`) VALUES (:yp0, :yp1, :yp2).
in C:\wamp64\www\prozzl\protected\controllers\SiteController.php (122)
in C:\wamp64\www\prozzl\index.php (13)
2017/05/09 14:06:54 [error] [exception.CDbException] exception 'CDbException' with message 'CDbCommand failed to execute the SQL statement: SQLSTATE[22007]: Invalid datetime format: 1292 Incorrect date value: '20/09/1995' for column 'date_naissance_employe' at row 1. The SQL statement executed was: INSERT INTO `employe` (`nom_employe`, `prenom_employe`, `date_naissance_employe`) VALUES (:yp0, :yp1, :yp2)' in C:\wamp64\www\yii\framework\db\CDbCommand.php:358
Stack trace:
#0 C:\wamp64\www\yii\framework\db\ar\CActiveRecord.php(1080): CDbCommand->execute()
#1 C:\wamp64\www\yii\framework\db\ar\CActiveRecord.php(809): CActiveRecord->insert(NULL)
#2 C:\wamp64\www\prozzl\protected\controllers\SiteController.php(122): CActiveRecord->save()
#3 C:\wamp64\www\yii\framework\web\actions\CInlineAction.php(49): SiteController->actionInscriptionEmploye()
#4 C:\wamp64\www\yii\framework\web\CController.php(308): CInlineAction->runWithParams(Array)
#5 C:\wamp64\www\yii\framework\web\CController.php(286): CController->runAction(Object(CInlineAction))
#6 C:\wamp64\www\yii\framework\web\CController.php(265): CController->runActionWithFilters(Object(CInlineAction), Array)
#7 C:\wamp64\www\yii\framework\web\CWebApplication.php(282): CController->run('inscriptionEmpl...')
#8 C:\wamp64\www\yii\framework\web\CWebApplication.php(141): CWebApplication->runController('site/inscriptio...')
#9 C:\wamp64\www\yii\framework\base\CApplication.php(185): CWebApplication->processRequest()
#10 C:\wamp64\www\prozzl\index.php(13): CApplication->run()
#11 {main}
REQUEST_URI=/prozzl/index.php?r=site/inscriptionEmploye
HTTP_REFERER=http://localhost/prozzl/index.php?r=site/inscriptionEmploye
---
2017/05/09 14:07:18 [error] [system.db.CDbCommand] CDbCommand::execute() failed: SQLSTATE[22007]: Invalid datetime format: 1292 Incorrect date value: '20/09/1995' for column 'date_naissance_employe' at row 1. The SQL statement executed was: INSERT INTO `employe` (`nom_employe`, `prenom_employe`, `date_naissance_employe`) VALUES (:yp0, :yp1, :yp2).
in C:\wamp64\www\prozzl\protected\controllers\SiteController.php (122)
in C:\wamp64\www\prozzl\index.php (13)
2017/05/09 14:07:18 [error] [exception.CDbException] exception 'CDbException' with message 'CDbCommand failed to execute the SQL statement: SQLSTATE[22007]: Invalid datetime format: 1292 Incorrect date value: '20/09/1995' for column 'date_naissance_employe' at row 1. The SQL statement executed was: INSERT INTO `employe` (`nom_employe`, `prenom_employe`, `date_naissance_employe`) VALUES (:yp0, :yp1, :yp2)' in C:\wamp64\www\yii\framework\db\CDbCommand.php:358
Stack trace:
#0 C:\wamp64\www\yii\framework\db\ar\CActiveRecord.php(1080): CDbCommand->execute()
#1 C:\wamp64\www\yii\framework\db\ar\CActiveRecord.php(809): CActiveRecord->insert(NULL)
#2 C:\wamp64\www\prozzl\protected\controllers\SiteController.php(122): CActiveRecord->save()
#3 C:\wamp64\www\yii\framework\web\actions\CInlineAction.php(49): SiteController->actionInscriptionEmploye()
#4 C:\wamp64\www\yii\framework\web\CController.php(308): CInlineAction->runWithParams(Array)
#5 C:\wamp64\www\yii\framework\web\CController.php(286): CController->runAction(Object(CInlineAction))
#6 C:\wamp64\www\yii\framework\web\CController.php(265): CController->runActionWithFilters(Object(CInlineAction), Array)
#7 C:\wamp64\www\yii\framework\web\CWebApplication.php(282): CController->run('inscriptionEmpl...')
#8 C:\wamp64\www\yii\framework\web\CWebApplication.php(141): CWebApplication->runController('site/inscriptio...')
#9 C:\wamp64\www\yii\framework\base\CApplication.php(185): CWebApplication->processRequest()
#10 C:\wamp64\www\prozzl\index.php(13): CApplication->run()
#11 {main}
REQUEST_URI=/prozzl/index.php?r=site/inscriptionEmploye
HTTP_REFERER=http://localhost/prozzl/index.php?r=site/inscriptionEmploye
---
2017/05/09 14:46:12 [error] [exception.CDbException] exception 'CDbException' with message 'Table "utilisateur" does not have a column named "login".' in C:\wamp64\www\yii\framework\db\schema\CDbCommandBuilder.php:697
Stack trace:
#0 C:\wamp64\www\yii\framework\db\ar\CActiveRecord.php(1523): CDbCommandBuilder->createColumnCriteria(Object(CMysqlTableSchema), Array, '', Array, '`t`.')
#1 C:\wamp64\www\prozzl\protected\components\UserIdentity.php(22): CActiveRecord->findByAttributes(Array)
#2 C:\wamp64\www\prozzl\protected\models\LoginForm.php(54): UserIdentity->authenticate()
#3 C:\wamp64\www\yii\framework\validators\CInlineValidator.php(42): LoginForm->authenticate('password', Array)
#4 C:\wamp64\www\yii\framework\validators\CValidator.php(201): CInlineValidator->validateAttribute(Object(LoginForm), 'password')
#5 C:\wamp64\www\yii\framework\base\CModel.php(159): CValidator->validate(Object(LoginForm), NULL)
#6 C:\wamp64\www\prozzl\protected\controllers\SiteController.php(94): CModel->validate()
#7 C:\wamp64\www\yii\framework\web\actions\CInlineAction.php(49): SiteController->actionLogin()
#8 C:\wamp64\www\yii\framework\web\CController.php(308): CInlineAction->runWithParams(Array)
#9 C:\wamp64\www\yii\framework\web\CController.php(286): CController->runAction(Object(CInlineAction))
#10 C:\wamp64\www\yii\framework\web\CController.php(265): CController->runActionWithFilters(Object(CInlineAction), Array)
#11 C:\wamp64\www\yii\framework\web\CWebApplication.php(282): CController->run('login')
#12 C:\wamp64\www\yii\framework\web\CWebApplication.php(141): CWebApplication->runController('site/login')
#13 C:\wamp64\www\yii\framework\base\CApplication.php(185): CWebApplication->processRequest()
#14 C:\wamp64\www\prozzl\index.php(13): CApplication->run()
#15 {main}
REQUEST_URI=/prozzl/index.php?r=site/login
HTTP_REFERER=http://localhost/prozzl/index.php?r=site/login
---
2017/05/09 14:56:31 [error] [exception.CDbException] exception 'CDbException' with message 'Table "utilisateur" does not have a column named "login".' in C:\wamp64\www\yii\framework\db\schema\CDbCommandBuilder.php:697
Stack trace:
#0 C:\wamp64\www\yii\framework\db\ar\CActiveRecord.php(1523): CDbCommandBuilder->createColumnCriteria(Object(CMysqlTableSchema), Array, '', Array, '`t`.')
#1 C:\wamp64\www\prozzl\protected\components\UserIdentity.php(22): CActiveRecord->findByAttributes(Array)
#2 C:\wamp64\www\prozzl\protected\models\LoginForm.php(54): UserIdentity->authenticate()
#3 C:\wamp64\www\yii\framework\validators\CInlineValidator.php(42): LoginForm->authenticate('password', Array)
#4 C:\wamp64\www\yii\framework\validators\CValidator.php(201): CInlineValidator->validateAttribute(Object(LoginForm), 'password')
#5 C:\wamp64\www\yii\framework\base\CModel.php(159): CValidator->validate(Object(LoginForm), NULL)
#6 C:\wamp64\www\prozzl\protected\controllers\SiteController.php(94): CModel->validate()
#7 C:\wamp64\www\yii\framework\web\actions\CInlineAction.php(49): SiteController->actionLogin()
#8 C:\wamp64\www\yii\framework\web\CController.php(308): CInlineAction->runWithParams(Array)
#9 C:\wamp64\www\yii\framework\web\CController.php(286): CController->runAction(Object(CInlineAction))
#10 C:\wamp64\www\yii\framework\web\CController.php(265): CController->runActionWithFilters(Object(CInlineAction), Array)
#11 C:\wamp64\www\yii\framework\web\CWebApplication.php(282): CController->run('login')
#12 C:\wamp64\www\yii\framework\web\CWebApplication.php(141): CWebApplication->runController('site/login')
#13 C:\wamp64\www\yii\framework\base\CApplication.php(185): CWebApplication->processRequest()
#14 C:\wamp64\www\prozzl\index.php(13): CApplication->run()
#15 {main}
REQUEST_URI=/prozzl/index.php?r=site/login
HTTP_REFERER=http://localhost/prozzl/index.php?r=site/login
---
2017/05/09 15:09:25 [error] [exception.CDbException] exception 'CDbException' with message 'Table "utilisateur" does not have a column named "login".' in C:\wamp64\www\yii\framework\db\schema\CDbCommandBuilder.php:697
Stack trace:
#0 C:\wamp64\www\yii\framework\db\ar\CActiveRecord.php(1523): CDbCommandBuilder->createColumnCriteria(Object(CMysqlTableSchema), Array, '', Array, '`t`.')
#1 C:\wamp64\www\prozzl\protected\components\UserIdentity.php(22): CActiveRecord->findByAttributes(Array)
#2 C:\wamp64\www\prozzl\protected\models\LoginForm.php(54): UserIdentity->authenticate()
#3 C:\wamp64\www\yii\framework\validators\CInlineValidator.php(42): LoginForm->authenticate('password', Array)
#4 C:\wamp64\www\yii\framework\validators\CValidator.php(201): CInlineValidator->validateAttribute(Object(LoginForm), 'password')
#5 C:\wamp64\www\yii\framework\base\CModel.php(159): CValidator->validate(Object(LoginForm), NULL)
#6 C:\wamp64\www\prozzl\protected\controllers\SiteController.php(94): CModel->validate()
#7 C:\wamp64\www\yii\framework\web\actions\CInlineAction.php(49): SiteController->actionLogin()
#8 C:\wamp64\www\yii\framework\web\CController.php(308): CInlineAction->runWithParams(Array)
#9 C:\wamp64\www\yii\framework\web\CController.php(286): CController->runAction(Object(CInlineAction))
#10 C:\wamp64\www\yii\framework\web\CController.php(265): CController->runActionWithFilters(Object(CInlineAction), Array)
#11 C:\wamp64\www\yii\framework\web\CWebApplication.php(282): CController->run('login')
#12 C:\wamp64\www\yii\framework\web\CWebApplication.php(141): CWebApplication->runController('site/login')
#13 C:\wamp64\www\yii\framework\base\CApplication.php(185): CWebApplication->processRequest()
#14 C:\wamp64\www\prozzl\index.php(13): CApplication->run()
#15 {main}
REQUEST_URI=/prozzl/index.php?r=site/login
HTTP_REFERER=http://localhost/prozzl/index.php?r=site/login
---
